<?xml version="1.0" encoding="UTF-8"?>
<!-- Generated by org.testng.reporters.JUnitXMLReporter -->
<testsuite hostname="QMC200-KaustubhD" ignored="0" name="VerifyLoginWithValidCredentials" tests="2" failures="0" timestamp="04 Oct 2017 14:42:29 GMT" time="21.901" errors="0">
  <testcase name="verifyLoginWithValidCredentials" time="2.779" classname="com.test.automation.uIAutomation.homePage.VerifyLoginWithValidCredentials"/>
  <testcase name="CreateNewUser" time="4.76" classname="com.test.automation.uIAutomation.homePage.VerifyLoginWithValidCredentials"/>
</testsuite> <!-- VerifyLoginWithValidCredentials -->
